<?xml version="1.0" encoding="UTF-8"?>
<!-- Generated by org.testng.reporters.JUnitXMLReporter -->
<testsuite ignored="0" hostname="DESKTOP-H830QQ0" failures="0" tests="10" name="Surefire test" time="32.922" errors="0" timestamp="2022-06-20T17:04:36 CDT">
  <testcase classname="tests.NewTest" name="fifthTest" time="0.001"/>
  <testcase classname="tests.NewTest" name="fourthTest" time="0.001"/>
  <testcase classname="tests.NewTest" name="homePageTest" time="4.282"/>
  <testcase classname="tests.NewTest" name="secondTest" time="0.0"/>
  <testcase classname="tests.NewTest" name="thirdTest" time="0.001"/>
  <testcase classname="tests.Practice1Test" name="clickRB" time="6.184"/>
  <testcase classname="tests.Practice1Test" name="selectFromDropdown" time="4.226"/>
  <testcase classname="tests.Practice1Test" name="multiSelectExample" time="0.229"/>
  <testcase classname="tests.Practice1Test" name="checkBoxExample" time="0.043"/>
  <testcase classname="tests.Practice1Test" name="loginExample" time="4.19"/>
</testsuite> <!-- Surefire test -->
