<?xml version="1.0" encoding="UTF-8"?>
<!-- Generated by org.testng.reporters.JUnitXMLReporter -->
<testsuite ignored="0" hostname="DESKTOP-H830QQ0" failures="0" tests="10" name="RegDemo" time="31.627" errors="0" timestamp="2022-06-21T13:41:26 CDT">
  <testcase classname="tests.NewTest" name="fifthTest" time="0.001"/>
  <testcase classname="tests.NewTest" name="fourthTest" time="0.001"/>
  <testcase classname="tests.NewTest" name="homePageTest" time="4.387"/>
  <testcase classname="tests.NewTest" name="secondTest" time="0.001"/>
  <testcase classname="tests.NewTest" name="thirdTest" time="0.001"/>
  <testcase classname="tests.Practice1Test" name="clickRB" time="6.187"/>
  <testcase classname="tests.Practice1Test" name="selectFromDropdown" time="4.221"/>
  <testcase classname="tests.Practice1Test" name="multiSelectExample" time="0.197"/>
  <testcase classname="tests.Practice1Test" name="checkBoxExample" time="0.038"/>
  <testcase classname="tests.Practice1Test" name="loginExample" time="3.917"/>
</testsuite> <!-- RegDemo -->
