<?xml version="1.0" encoding="UTF-8"?>
<testng-results ignored="0" total="10" passed="10" failed="0" skipped="0">
  <reporter-output>
  </reporter-output>
  <suite started-at="2022-06-21T13:40:54 CDT" name="abc" finished-at="2022-06-21T13:41:26 CDT" duration-ms="31627">
    <groups>
      <group name="imp">
        <method signature="NewTest.fifthTest()[pri:0, instance:tests.NewTest@4e2916c3]" name="fifthTest" class="tests.NewTest"/>
        <method signature="NewTest.fourthTest()[pri:0, instance:tests.NewTest@4e2916c3]" name="fourthTest" class="tests.NewTest"/>
        <method signature="NewTest.secondTest()[pri:0, instance:tests.NewTest@4e2916c3]" name="secondTest" class="tests.NewTest"/>
        <method signature="NewTest.thirdTest()[pri:0, instance:tests.NewTest@4e2916c3]" name="thirdTest" class="tests.NewTest"/>
      </group> <!-- imp -->
    </groups>
    <test started-at="2022-06-21T13:40:54 CDT" name="RegDemo" finished-at="2022-06-21T13:41:26 CDT" duration-ms="31627">
      <class name="tests.Practice1Test">
        <test-method is-config="true" signature="preRequisite()[pri:0, instance:tests.Practice1Test@3c6aa04a]" started-at="2022-06-21T13:41:05 CDT" name="preRequisite" finished-at="2022-06-21T13:41:08 CDT" duration-ms="2664" status="PASS">
          <reporter-output>
          </reporter-output>
        </test-method> <!-- preRequisite -->
        <test-method signature="clickRB()[pri:0, instance:tests.Practice1Test@3c6aa04a]" started-at="2022-06-21T13:41:08 CDT" name="clickRB" finished-at="2022-06-21T13:41:14 CDT" duration-ms="6187" status="PASS">
          <reporter-output>
          </reporter-output>
        </test-method> <!-- clickRB -->
        <test-method is-config="true" signature="preRequisite()[pri:0, instance:tests.Practice1Test@3c6aa04a]" started-at="2022-06-21T13:41:14 CDT" name="preRequisite" finished-at="2022-06-21T13:41:15 CDT" duration-ms="767" status="PASS">
          <reporter-output>
          </reporter-output>
        </test-method> <!-- preRequisite -->
        <test-method signature="selectFromDropdown()[pri:1, instance:tests.Practice1Test@3c6aa04a]" started-at="2022-06-21T13:41:15 CDT" name="selectFromDropdown" finished-at="2022-06-21T13:41:19 CDT" duration-ms="4221" status="PASS">
          <reporter-output>
          </reporter-output>
        </test-method> <!-- selectFromDropdown -->
        <test-method is-config="true" signature="preRequisite()[pri:0, instance:tests.Practice1Test@3c6aa04a]" started-at="2022-06-21T13:41:19 CDT" name="preRequisite" finished-at="2022-06-21T13:41:20 CDT" duration-ms="920" status="PASS">
          <reporter-output>
          </reporter-output>
        </test-method> <!-- preRequisite -->
        <test-method signature="multiSelectExample()[pri:2, instance:tests.Practice1Test@3c6aa04a]" started-at="2022-06-21T13:41:20 CDT" name="multiSelectExample" finished-at="2022-06-21T13:41:20 CDT" duration-ms="197" status="PASS">
          <reporter-output>
          </reporter-output>
        </test-method> <!-- multiSelectExample -->
        <test-method is-config="true" signature="preRequisite()[pri:0, instance:tests.Practice1Test@3c6aa04a]" started-at="2022-06-21T13:41:20 CDT" name="preRequisite" finished-at="2022-06-21T13:41:21 CDT" duration-ms="1006" status="PASS">
          <reporter-output>
          </reporter-output>
        </test-method> <!-- preRequisite -->
        <test-method signature="checkBoxExample()[pri:3, instance:tests.Practice1Test@3c6aa04a]" started-at="2022-06-21T13:41:21 CDT" name="checkBoxExample" finished-at="2022-06-21T13:41:21 CDT" duration-ms="38" status="PASS">
          <reporter-output>
          </reporter-output>
        </test-method> <!-- checkBoxExample -->
        <test-method is-config="true" signature="preRequisite()[pri:0, instance:tests.Practice1Test@3c6aa04a]" started-at="2022-06-21T13:41:21 CDT" name="preRequisite" finished-at="2022-06-21T13:41:22 CDT" duration-ms="640" status="PASS">
          <reporter-output>
          </reporter-output>
        </test-method> <!-- preRequisite -->
        <test-method signature="loginExample()[pri:4, instance:tests.Practice1Test@3c6aa04a]" started-at="2022-06-21T13:41:22 CDT" name="loginExample" finished-at="2022-06-21T13:41:26 CDT" duration-ms="3917" status="PASS">
          <reporter-output>
          </reporter-output>
        </test-method> <!-- loginExample -->
        <test-method is-config="true" signature="closing()[pri:0, instance:tests.Practice1Test@3c6aa04a]" started-at="2022-06-21T13:41:26 CDT" name="closing" finished-at="2022-06-21T13:41:26 CDT" duration-ms="360" status="PASS">
          <reporter-output>
          </reporter-output>
        </test-method> <!-- closing -->
      </class> <!-- tests.Practice1Test -->
      <class name="tests.NewTest">
        <test-method is-config="true" signature="preRequisite()[pri:0, instance:tests.NewTest@4e2916c3]" started-at="2022-06-21T13:40:54 CDT" name="preRequisite" finished-at="2022-06-21T13:40:57 CDT" duration-ms="2914" status="PASS">
          <reporter-output>
          </reporter-output>
        </test-method> <!-- preRequisite -->
        <test-method signature="fifthTest()[pri:0, instance:tests.NewTest@4e2916c3]" started-at="2022-06-21T13:40:57 CDT" name="fifthTest" finished-at="2022-06-21T13:40:57 CDT" duration-ms="1" status="PASS">
          <reporter-output>
          </reporter-output>
        </test-method> <!-- fifthTest -->
        <test-method is-config="true" signature="preRequisite()[pri:0, instance:tests.NewTest@4e2916c3]" started-at="2022-06-21T13:40:57 CDT" name="preRequisite" finished-at="2022-06-21T13:40:58 CDT" duration-ms="756" status="PASS">
          <reporter-output>
          </reporter-output>
        </test-method> <!-- preRequisite -->
        <test-method signature="fourthTest()[pri:0, instance:tests.NewTest@4e2916c3]" started-at="2022-06-21T13:40:58 CDT" name="fourthTest" finished-at="2022-06-21T13:40:58 CDT" duration-ms="1" status="PASS">
          <reporter-output>
          </reporter-output>
        </test-method> <!-- fourthTest -->
        <test-method is-config="true" signature="preRequisite()[pri:0, instance:tests.NewTest@4e2916c3]" started-at="2022-06-21T13:40:58 CDT" name="preRequisite" finished-at="2022-06-21T13:40:59 CDT" duration-ms="906" status="PASS">
          <reporter-output>
          </reporter-output>
        </test-method> <!-- preRequisite -->
        <test-method signature="homePageTest()[pri:0, instance:tests.NewTest@4e2916c3]" started-at="2022-06-21T13:40:59 CDT" name="homePageTest" finished-at="2022-06-21T13:41:03 CDT" duration-ms="4387" status="PASS">
          <reporter-output>
          </reporter-output>
        </test-method> <!-- homePageTest -->
        <test-method is-config="true" signature="preRequisite()[pri:0, instance:tests.NewTest@4e2916c3]" started-at="2022-06-21T13:41:03 CDT" name="preRequisite" finished-at="2022-06-21T13:41:04 CDT" duration-ms="799" status="PASS">
          <reporter-output>
          </reporter-output>
        </test-method> <!-- preRequisite -->
        <test-method signature="secondTest()[pri:0, instance:tests.NewTest@4e2916c3]" started-at="2022-06-21T13:41:04 CDT" name="secondTest" finished-at="2022-06-21T13:41:04 CDT" duration-ms="1" status="PASS">
          <reporter-output>
          </reporter-output>
        </test-method> <!-- secondTest -->
        <test-method is-config="true" signature="preRequisite()[pri:0, instance:tests.NewTest@4e2916c3]" started-at="2022-06-21T13:41:04 CDT" name="preRequisite" finished-at="2022-06-21T13:41:05 CDT" duration-ms="879" status="PASS">
          <reporter-output>
          </reporter-output>
        </test-method> <!-- preRequisite -->
        <test-method signature="thirdTest()[pri:0, instance:tests.NewTest@4e2916c3]" started-at="2022-06-21T13:41:05 CDT" name="thirdTest" finished-at="2022-06-21T13:41:05 CDT" duration-ms="1" status="PASS">
          <reporter-output>
          </reporter-output>
        </test-method> <!-- thirdTest -->
      </class> <!-- tests.NewTest -->
    </test> <!-- RegDemo -->
  </suite> <!-- abc -->
</testng-results>
