<?xml version="1.0" encoding="UTF-8"?>
<testsuite xmlns:xsi="http://www.w3.org/2001/XMLSchema-instance" xsi:noNamespaceSchemaLocation="https://maven.apache.org/surefire/maven-surefire-plugin/xsd/surefire-test-report-3.0.xsd" version="3.0" name="TestSuite" time="38.418" tests="10" errors="0" skipped="0" failures="0">
  <properties>
[...]
</properties>
  <testcase name="fifthTest" classname="tests.NewTest" time="0.003">
    <system-out><![CDATA[Before method from 1st class!!!
New Test - 5th test!!!
]]></system-out>
    <system-err><![CDATA[SLF4J: Failed to load class "org.slf4j.impl.StaticLoggerBinder".
SLF4J: Defaulting to no-operation (NOP) logger implementation
SLF4J: See http://www.slf4j.org/codes.html#StaticLoggerBinder for further details.
log4j:WARN No appenders could be found for logger (io.netty.util.internal.logging.InternalLoggerFactory).
log4j:WARN Please initialize the log4j system properly.
log4j:WARN See http://logging.apache.org/log4j/1.2/faq.html#noconfig for more info.
Starting Microsoft Edge WebDriver 102.0.1245.33 (41285f1c5672f618820f679d5efba8bafa4828de) on port 55245
To submit feedback, report a bug, or suggest new features, please visit https://github.com/MicrosoftEdge/EdgeWebDriver

Only local connections are allowed.
Please see https://aka.ms/WebDriverSecurity for suggestions on keeping Microsoft Edge WebDriver safe.

Microsoft Edge WebDriver was started successfully.
Jun 21, 2022 1:40:52 PM org.openqa.selenium.remote.ProtocolHandshake createSession
INFO: Detected upstream dialect: W3C
Jun 21, 2022 1:40:52 PM org.openqa.selenium.devtools.CdpVersionFinder findNearestMatch
INFO: Found exact CDP implementation for version 102
Starting Microsoft Edge WebDriver 102.0.1245.33 (41285f1c5672f618820f679d5efba8bafa4828de) on port 50797
To submit feedback, report a bug, or suggest new features, please visit https://github.com/MicrosoftEdge/EdgeWebDriver

Only local connections are allowed.
Please see https://aka.ms/WebDriverSecurity for suggestions on keeping Microsoft Edge WebDriver safe.

Microsoft Edge WebDriver was started successfully.
Jun 21, 2022 1:40:54 PM org.openqa.selenium.remote.ProtocolHandshake createSession
INFO: Detected upstream dialect: W3C
Jun 21, 2022 1:40:54 PM org.openqa.selenium.devtools.CdpVersionFinder findNearestMatch
INFO: Found exact CDP implementation for version 102
]]></system-err>
  </testcase>
  <testcase name="fourthTest" classname="tests.NewTest" time="0">
    <system-out><![CDATA[Before method from 1st class!!!
New Test - 4th test!!!
]]></system-out>
  </testcase>
  <testcase name="homePageTest" classname="tests.NewTest" time="4.387">
    <system-out><![CDATA[Before method from 1st class!!!
New Test - first test!!!
]]></system-out>
  </testcase>
  <testcase name="secondTest" classname="tests.NewTest" time="0">
    <system-out><![CDATA[Before method from 1st class!!!
New Test - second test!!!
]]></system-out>
  </testcase>
  <testcase name="thirdTest" classname="tests.NewTest" time="0">
    <system-out><![CDATA[Before method from 1st class!!!
New Test - 3rd test!!!
]]></system-out>
  </testcase>
  <testcase name="clickRB" classname="tests.Practice1Test" time="6.188">
    <system-out><![CDATA[Before Method!!!
1st test!!!
]]></system-out>
  </testcase>
  <testcase name="selectFromDropdown" classname="tests.Practice1Test" time="4.221">
    <system-out><![CDATA[Before Method!!!
2nd test!!!
]]></system-out>
  </testcase>
  <testcase name="multiSelectExample" classname="tests.Practice1Test" time="0.196">
    <system-out><![CDATA[Before Method!!!
Selected Value: Apple
Selected Value: Orange
Selected Value: Peach
3rd test!!!
]]></system-out>
  </testcase>
  <testcase name="checkBoxExample" classname="tests.Practice1Test" time="0.038">
    <system-out><![CDATA[Before Method!!!
4th test!!!
]]></system-out>
  </testcase>
  <testcase name="loginExample" classname="tests.Practice1Test" time="3.917">
    <system-out><![CDATA[Before Method!!!
5th test!!!
]]></system-out>
  </testcase>
</testsuite>